<?xml version="1.0" encoding="UTF-8"?>
<!-- Generated by org.testng.reporters.JUnitReportReporter -->
<testsuite hostname="DELL" name="com.traxsmart.qa.testcase.HomePageTest" tests="3" failures="0" timestamp="15 Mar 2021 22:40:08 GMT" time="92.481" errors="0">
  <testcase name="verifyHomaPageTitle" time="26.170" classname="com.traxsmart.qa.testcase.HomePageTest"/>
  <testcase name="verifyServiceRequestlink" time="35.234" classname="com.traxsmart.qa.testcase.HomePageTest"/>
  <testcase name="verifyServiceReport" time="31.077" classname="com.traxsmart.qa.testcase.HomePageTest"/>
</testsuite> <!-- com.traxsmart.qa.testcase.HomePageTest -->
