<?xml version="1.0" encoding="UTF-8"?>
<!-- Generated by org.testng.reporters.JUnitReportReporter -->
<testsuite hostname="DELL" name="com.traxsmart.qa.testcase.LoginPageTest" tests="2" failures="0" timestamp="16 Mar 2021 06:06:46 GMT" time="37.140" errors="0">
  <testcase name="LoginPageTitleTest" time="10.249" classname="com.traxsmart.qa.testcase.LoginPageTest"/>
  <testcase name="LoginTest" time="26.891" classname="com.traxsmart.qa.testcase.LoginPageTest"/>
</testsuite> <!-- com.traxsmart.qa.testcase.LoginPageTest -->
