<?xml version="1.0" encoding="UTF-8"?>
<!-- Generated by org.testng.reporters.JUnitReportReporter -->
<testsuite hostname="DELL" name="com.traxsmart.qa.testcase.LoginPageTest" tests="2" failures="0" timestamp="15 Mar 2021 22:40:08 GMT" time="33.635" errors="0">
  <testcase name="LoginTest" time="25.413" classname="com.traxsmart.qa.testcase.LoginPageTest"/>
  <testcase name="LoginPageTitleTest" time="8.222" classname="com.traxsmart.qa.testcase.LoginPageTest"/>
</testsuite> <!-- com.traxsmart.qa.testcase.LoginPageTest -->
